Plugin v0.0.1 running on KiCad 8.0.1 and Python 3.11.5 (main, Jan 19 2024, 08:13:45) [MSC v.1936 64 bit (AMD64)] on win32.
Config file E:\SSD Vgen\KULIAH\MAGANG\RISET\KICAD\by @dmsragaa\IoT node v2\Ver05\Ver05.kicad_pcb.hierpcb.json not found. Creating new one.
Imported E:\SSD Vgen\KULIAH\MAGANG\RISET\KICAD\by @dmsragaa\IoT node v2\Ver05\Ver05.kicad_pcb, with 148 footprints, 1837 tracks, and 51 drawings.
Footprint G*** is not on a sheet, skipping...
Root (+ PCB E:\SSD Vgen\KULIAH\MAGANG\RISET\KICAD\by @dmsragaa\IoT node v2\Ver05\Ver05.kicad_pcb)
├─ Communication
├─ Connector
├─ DigitalInput
├─ uC
├─ AnalogInput
├─ Power
Missing path: G*** (E:\SSD Vgen\KULIAH\MAGANG\RISET\KICAD\by @dmsragaa\IoT node v2\Ver05\Ver05.kicad_pcb)
PCB E:\SSD Vgen\KULIAH\MAGANG\RISET\KICAD\by @dmsragaa\IoT node v2\Ver05\Ver05.kicad_pcb
  /189dc999/68b07c99: R40
  /189dc999/a88a3e1c: R49
  /ff606706/5ddc3f45: C8
  /189dc999/40861ffd: F10
  /ff606706/9051b939: R35
  /eb2255d7/c53d59b3: SW2
  /66a4b5ae/d4f7892e: R57
  /eb2255d7/a814ff54: R13
  /189dc999/a6524246: F12
  /189dc999/adc3a2e1: R41
  /14590255: H3
  /e35af0d3/abdc60d7: R5
  /eb2255d7/830eb9bc: F3
  /66a4b5ae/1f980087: U18
  /66a4b5ae/a0814c97: U19
  /189dc999/c7fea66e: D13
  /189dc999/57b72899: F11
  /e35af0d3/c958ca6b: C5
  /e35af0d3/6fd6cc10: C14
  /189dc999/21c42f79: U14
  /e35af0d3/8eb53129: BT1
  /eb2255d7/641b51d4: R17
  /189dc999/afb19f56: D11
  /66a4b5ae/2958bcbb: R34
  /ff606706/6baac966: U11
  /e35af0d3/73f5f5e1: R8
  /189dc999/8be6e78e: U9
  /66a4b5ae/aa9ccb36: U12
  /e35af0d3/e0f15e95: R6
  /189dc999/81f60195: D15
  /189dc999/76f7ee1b: R47
  /511041e2/28302ddd: J1
  /eb2255d7/ea6ba056: R24
  /eb2255d7/b53d4041: D6
  /189dc999/5bd79f94: R51
  /e35af0d3/a0423ea9: R53
  /eb2255d7/fcc963a8: R16
  /e35af0d3/b5603e8e: U13
  /e35af0d3/21e3ba25: R4
  /e35af0d3/a62117db: R10
  /189dc999/79fe9991: R45
  /66a4b5ae/ce19957d: R32
  /e35af0d3/b84cf628: SW3
  /66a4b5ae/7de3dc70: R68
  /189dc999/e9c806db: D14
  /eb2255d7/55828810: F6
  /ff606706/917959f4: C7
  /66a4b5ae/2a76dd6d: R63
  /e35af0d3/de5746e8: U3
  /eb2255d7/d6a0225b: RN4
  /66a4b5ae/f2ace995: U5
  /e35af0d3/9b0f33b7: C4
  /eb2255d7/e3737d99: R23
  /66a4b5ae/8d1c0334: R27
  /189dc999/5ce1a666: D9
  /eb2255d7/332cf8d6: D4
  /66a4b5ae/4ef95fed: R69
  /66a4b5ae/1aaf97b0: R59
  /e35af0d3/5c9ffd97: R7
  /66a4b5ae/63ea95f7: R67
  /189dc999/7a6b9d49: R36
  /e35af0d3/80417826: U2
  /189dc999/684c0f30: R50
  /66a4b5ae/ae7b7895: R58
  /1fea2ba9: H4
  /eb2255d7/ebfc1fd9: F5
  /eb2255d7/afde695d: R20
  /189dc999/95694769: C9
  /66a4b5ae/d0d5ea74: R33
  /66a4b5ae/96eb7536: U20
  /189dc999/45dd9045: R39
  /e35af0d3/1258e1ae: D1
  /e35af0d3/41851597: R2
  /e35af0d3/047c9211: U1
  /eb2255d7/952fc428: F1
  /eb2255d7/79c9cd55: RN3
  /eb2255d7/14c8067e: R26
  /eb2255d7/c24dc6da: R19
  /eb2255d7/ab22b633: RN1
  /189dc999/727ec22d: D8
  /66a4b5ae/7c5d482b: R65
  /ff606706/4a9982d8: PS1
  /eb2255d7/affea9dd: F4
  /a211a32b: H1
  /189dc999/8d731340: U16
  /e35af0d3/ca7f8c2a: R9
  /189dc999/150d24fa: D12
  /e35af0d3/aafe18e7: C1
  /66a4b5ae/4d0b040e: R61
  /eb2255d7/970c627a: R11
  /189dc999/44061e1e: C11
  /66a4b5ae/85118dae: R55
  /66a4b5ae/f08f60d1: U8
  /eb2255d7/e82c7da3: F7
  /66a4b5ae/9d0f4341: R29
  /eb2255d7/7bf824a9: R14
  /ff606706/776d3902: D7
  /189dc999/28ee8126: F13
  /e35af0d3/87cc0c02: C3
  /66a4b5ae/728f1d1a: R30
  /e35af0d3/559b1371: R52
  /eb2255d7/6877b823: R15
  /eb2255d7/2067c22e: R22
  /e35af0d3/ba6097d2: R3
  /511041e2/c2f18e38: J3
  /511041e2/603f82d5: J4
  /189dc999/2ab704bb: R43
  /66a4b5ae/ef70cb2f: U7
  /66a4b5ae/46e8b564: U6
  /ff606706/32eca9d3: F9
  /189dc999/a02c2bad: U15
  /eb2255d7/c669ba01: RN2
  /eb2255d7/43ed3981: R12
  /66a4b5ae/30701829: R64
  /e35af0d3/787c2774: SW4
  /e35af0d3/e23c28e3: C12
  /189dc999/a5728ee3: R37
  /eb2255d7/cac744cf: U4
  /eb2255d7/3d11e0ef: F8
  /66a4b5ae/ae8bf6ef: R60
  /eb2255d7/55b624c5: R18
  /eb2255d7/b7fdc8c5: D5
  /189dc999/8b65fed6: R46
  /66a4b5ae/9548b063: R28
  /66a4b5ae/836804be: R70
  /eb2255d7/2641d89e: R21
  /66a4b5ae/8ce5d879: R56
  /66a4b5ae/5f2ee4db: R66
  /eb2255d7/7c7eefc0: R25
  /66a4b5ae/ad05b8ab: R62
  /e35af0d3/cd722d8d: SW1
  /189dc999/1f8b31b6: R44
  /eb2255d7/7232cf28: D3
  /189dc999/724bb462: D10
  /66a4b5ae/0cd52377: U17
  /e35af0d3/b3f04a7d: C6
  /189dc999/c4e193fd: C10
  /eb2255d7/5dbdedd4: F2
  /189dc999/be57bdb5: R42
  /66a4b5ae/f279853c: R31
  /e35af0d3/34d4d064: D2
  /189dc999/f81eae7b: C2
  /e35af0d3/87c6f66f: R1
  /e35af0d3/19d522cd: C13
  /cd1ab03d: H2
  /189dc999/8cdefd3b: R48
  /189dc999/56c48fcc: R38
